<?xml version="1.0" encoding="UTF-8"?>
<!-- Generated by org.testng.reporters.JUnitReportReporter -->
<testsuite hostname="DESKTOP-UDLF9OL" failures="0" tests="2" name="Com.Test.TestCase" time="0.982" errors="0" timestamp="13 Dec 2023 18:11:15 GMT" skipped="0">
  <testcase classname="Com.Test.TestCase" name="Test02" time="0.930"/>
  <testcase classname="Com.Test.TestCase" name="Test01" time="0.052"/>
</testsuite> <!-- Com.Test.TestCase -->
